<?xml version="1.0" encoding="UTF-8"?>
<testsuite name="org.example.SILab2Test" tests="2" skipped="0" failures="0" errors="0" timestamp="2023-05-29T22:45:25" hostname="DESKTOP-U656BRQ" time="0.029">
  <properties/>
  <testcase name="EveryBranch()" classname="org.example.SILab2Test" time="0.027"/>
  <testcase name="MultipleConditions()" classname="org.example.SILab2Test" time="0.002"/>
  <system-out><![CDATA[]]></system-out>
  <system-err><![CDATA[]]></system-err>
</testsuite>
